Started GET "/" for 127.0.0.1 at 2016-07-08 23:09:47 -0400
Processing by NewsController#index as HTML
  Rendering news/index.html.erb within layouts/application
  Rendered news/index.html.erb within layouts/application (1.1ms)
Completed 200 OK in 985ms (Views: 982.9ms | ActiveRecord: 0.0ms)


Started GET "/" for 127.0.0.1 at 2016-07-08 23:16:47 -0400
Processing by NewsController#index as HTML
Completed 500 Internal Server Error in 2ms (ActiveRecord: 0.0ms)


  
LoadError (cannot load such file -- indicio):
  
app/controllers/news_controller.rb:4:in `index'
  Rendering /Users/tlau/.gem/ruby/2.2.5/gems/actionpack-5.0.0/lib/action_dispatch/middleware/templates/rescues/diagnostics.html.erb within rescues/layout
  Rendering /Users/tlau/.gem/ruby/2.2.5/gems/actionpack-5.0.0/lib/action_dispatch/middleware/templates/rescues/_source.html.erb
  Rendered /Users/tlau/.gem/ruby/2.2.5/gems/actionpack-5.0.0/lib/action_dispatch/middleware/templates/rescues/_source.html.erb (7.2ms)
  Rendering /Users/tlau/.gem/ruby/2.2.5/gems/actionpack-5.0.0/lib/action_dispatch/middleware/templates/rescues/_trace.html.erb
  Rendered /Users/tlau/.gem/ruby/2.2.5/gems/actionpack-5.0.0/lib/action_dispatch/middleware/templates/rescues/_trace.html.erb (3.4ms)
  Rendering /Users/tlau/.gem/ruby/2.2.5/gems/actionpack-5.0.0/lib/action_dispatch/middleware/templates/rescues/_request_and_response.html.erb
  Rendered /Users/tlau/.gem/ruby/2.2.5/gems/actionpack-5.0.0/lib/action_dispatch/middleware/templates/rescues/_request_and_response.html.erb (16.1ms)
  Rendered /Users/tlau/.gem/ruby/2.2.5/gems/actionpack-5.0.0/lib/action_dispatch/middleware/templates/rescues/diagnostics.html.erb within rescues/layout (112.3ms)
Started GET "/" for 127.0.0.1 at 2016-07-08 23:17:01 -0400
Processing by NewsController#index as HTML
  Rendering news/index.html.erb within layouts/application
  Rendered news/index.html.erb within layouts/application (1.2ms)
Completed 200 OK in 615ms (Views: 237.9ms | ActiveRecord: 0.0ms)


Started GET "/" for 127.0.0.1 at 2016-07-08 23:45:23 -0400
  
ActiveRecord::PendingMigrationError (

Migrations are pending. To resolve this issue, run:

	bin/rails db:migrate RAILS_ENV=development

):
  
activerecord (5.0.0) lib/active_record/migration.rb:572:in `check_pending!'
activerecord (5.0.0) lib/active_record/migration.rb:548:in `call'
actionpack (5.0.0) lib/action_dispatch/middleware/callbacks.rb:38:in `block in call'
activesupport (5.0.0) lib/active_support/callbacks.rb:97:in `__run_callbacks__'
activesupport (5.0.0) lib/active_support/callbacks.rb:750:in `_run_call_callbacks'
activesupport (5.0.0) lib/active_support/callbacks.rb:90:in `run_callbacks'
actionpack (5.0.0) lib/action_dispatch/middleware/callbacks.rb:36:in `call'
actionpack (5.0.0) lib/action_dispatch/middleware/executor.rb:12:in `call'
actionpack (5.0.0) lib/action_dispatch/middleware/remote_ip.rb:79:in `call'
actionpack (5.0.0) lib/action_dispatch/middleware/debug_exceptions.rb:49:in `call'
web-console (3.3.1) lib/web_console/middleware.rb:131:in `call_app'
web-console (3.3.1) lib/web_console/middleware.rb:28:in `block in call'
web-console (3.3.1) lib/web_console/middleware.rb:18:in `catch'
web-console (3.3.1) lib/web_console/middleware.rb:18:in `call'
actionpack (5.0.0) lib/action_dispatch/middleware/show_exceptions.rb:31:in `call'
railties (5.0.0) lib/rails/rack/logger.rb:36:in `call_app'
railties (5.0.0) lib/rails/rack/logger.rb:24:in `block in call'
activesupport (5.0.0) lib/active_support/tagged_logging.rb:70:in `block in tagged'
activesupport (5.0.0) lib/active_support/tagged_logging.rb:26:in `tagged'
activesupport (5.0.0) lib/active_support/tagged_logging.rb:70:in `tagged'
railties (5.0.0) lib/rails/rack/logger.rb:24:in `call'
sprockets-rails (3.1.1) lib/sprockets/rails/quiet_assets.rb:13:in `call'
actionpack (5.0.0) lib/action_dispatch/middleware/request_id.rb:24:in `call'
rack (2.0.1) lib/rack/method_override.rb:22:in `call'
rack (2.0.1) lib/rack/runtime.rb:22:in `call'
activesupport (5.0.0) lib/active_support/cache/strategy/local_cache_middleware.rb:28:in `call'
actionpack (5.0.0) lib/action_dispatch/middleware/executor.rb:12:in `call'
actionpack (5.0.0) lib/action_dispatch/middleware/static.rb:136:in `call'
rack (2.0.1) lib/rack/sendfile.rb:111:in `call'
railties (5.0.0) lib/rails/engine.rb:522:in `call'
puma (3.4.0) lib/puma/configuration.rb:224:in `call'
puma (3.4.0) lib/puma/server.rb:569:in `handle_request'
puma (3.4.0) lib/puma/server.rb:406:in `process_client'
puma (3.4.0) lib/puma/server.rb:271:in `block in run'
puma (3.4.0) lib/puma/thread_pool.rb:114:in `call'
puma (3.4.0) lib/puma/thread_pool.rb:114:in `block in spawn_thread'
  Rendering /Users/tlau/.gem/ruby/2.2.5/gems/actionpack-5.0.0/lib/action_dispatch/middleware/templates/rescues/diagnostics.html.erb within rescues/layout
  Rendering /Users/tlau/.gem/ruby/2.2.5/gems/actionpack-5.0.0/lib/action_dispatch/middleware/templates/rescues/_source.html.erb
  Rendered /Users/tlau/.gem/ruby/2.2.5/gems/actionpack-5.0.0/lib/action_dispatch/middleware/templates/rescues/_source.html.erb (2.7ms)
  Rendering /Users/tlau/.gem/ruby/2.2.5/gems/actionpack-5.0.0/lib/action_dispatch/middleware/templates/rescues/_trace.html.erb
  Rendered /Users/tlau/.gem/ruby/2.2.5/gems/actionpack-5.0.0/lib/action_dispatch/middleware/templates/rescues/_trace.html.erb (2.0ms)
  Rendering /Users/tlau/.gem/ruby/2.2.5/gems/actionpack-5.0.0/lib/action_dispatch/middleware/templates/rescues/_request_and_response.html.erb
  Rendered /Users/tlau/.gem/ruby/2.2.5/gems/actionpack-5.0.0/lib/action_dispatch/middleware/templates/rescues/_request_and_response.html.erb (0.9ms)
  Rendered /Users/tlau/.gem/ruby/2.2.5/gems/actionpack-5.0.0/lib/action_dispatch/middleware/templates/rescues/diagnostics.html.erb within rescues/layout (80.7ms)
Started GET "/" for 127.0.0.1 at 2016-07-08 23:46:02 -0400
Processing by NewsController#index as HTML
Completed 500 Internal Server Error in 0ms (ActiveRecord: 0.0ms)


  
NoMethodError (undefined method `trends' for Twitter:Module):
  
app/controllers/news_controller.rb:6:in `index'
  Rendering /Users/tlau/.gem/ruby/2.2.5/gems/actionpack-5.0.0/lib/action_dispatch/middleware/templates/rescues/diagnostics.html.erb within rescues/layout
  Rendering /Users/tlau/.gem/ruby/2.2.5/gems/actionpack-5.0.0/lib/action_dispatch/middleware/templates/rescues/_source.html.erb
  Rendered /Users/tlau/.gem/ruby/2.2.5/gems/actionpack-5.0.0/lib/action_dispatch/middleware/templates/rescues/_source.html.erb (4.5ms)
  Rendering /Users/tlau/.gem/ruby/2.2.5/gems/actionpack-5.0.0/lib/action_dispatch/middleware/templates/rescues/_trace.html.erb
  Rendered /Users/tlau/.gem/ruby/2.2.5/gems/actionpack-5.0.0/lib/action_dispatch/middleware/templates/rescues/_trace.html.erb (2.5ms)
  Rendering /Users/tlau/.gem/ruby/2.2.5/gems/actionpack-5.0.0/lib/action_dispatch/middleware/templates/rescues/_request_and_response.html.erb
  Rendered /Users/tlau/.gem/ruby/2.2.5/gems/actionpack-5.0.0/lib/action_dispatch/middleware/templates/rescues/_request_and_response.html.erb (9.8ms)
  Rendered /Users/tlau/.gem/ruby/2.2.5/gems/actionpack-5.0.0/lib/action_dispatch/middleware/templates/rescues/diagnostics.html.erb within rescues/layout (84.9ms)
Started GET "/" for 127.0.0.1 at 2016-07-08 23:47:01 -0400
Processing by NewsController#index as HTML
Completed 500 Internal Server Error in 1ms (ActiveRecord: 0.0ms)


  
NoMethodError (undefined method `trends' for Twitter:Module):
  
app/controllers/news_controller.rb:6:in `index'
  Rendering /Users/tlau/.gem/ruby/2.2.5/gems/actionpack-5.0.0/lib/action_dispatch/middleware/templates/rescues/diagnostics.html.erb within rescues/layout
  Rendering /Users/tlau/.gem/ruby/2.2.5/gems/actionpack-5.0.0/lib/action_dispatch/middleware/templates/rescues/_source.html.erb
  Rendered /Users/tlau/.gem/ruby/2.2.5/gems/actionpack-5.0.0/lib/action_dispatch/middleware/templates/rescues/_source.html.erb (5.7ms)
  Rendering /Users/tlau/.gem/ruby/2.2.5/gems/actionpack-5.0.0/lib/action_dispatch/middleware/templates/rescues/_trace.html.erb
  Rendered /Users/tlau/.gem/ruby/2.2.5/gems/actionpack-5.0.0/lib/action_dispatch/middleware/templates/rescues/_trace.html.erb (2.6ms)
  Rendering /Users/tlau/.gem/ruby/2.2.5/gems/actionpack-5.0.0/lib/action_dispatch/middleware/templates/rescues/_request_and_response.html.erb
  Rendered /Users/tlau/.gem/ruby/2.2.5/gems/actionpack-5.0.0/lib/action_dispatch/middleware/templates/rescues/_request_and_response.html.erb (1.1ms)
  Rendered /Users/tlau/.gem/ruby/2.2.5/gems/actionpack-5.0.0/lib/action_dispatch/middleware/templates/rescues/diagnostics.html.erb within rescues/layout (69.7ms)
Started GET "/" for 127.0.0.1 at 2016-07-08 23:47:14 -0400
Processing by NewsController#index as HTML
Completed 500 Internal Server Error in 1ms (ActiveRecord: 0.0ms)


  
NoMethodError (undefined method `trends' for Twitter:Module):
  
app/controllers/news_controller.rb:6:in `index'
  Rendering /Users/tlau/.gem/ruby/2.2.5/gems/actionpack-5.0.0/lib/action_dispatch/middleware/templates/rescues/diagnostics.html.erb within rescues/layout
  Rendering /Users/tlau/.gem/ruby/2.2.5/gems/actionpack-5.0.0/lib/action_dispatch/middleware/templates/rescues/_source.html.erb
  Rendered /Users/tlau/.gem/ruby/2.2.5/gems/actionpack-5.0.0/lib/action_dispatch/middleware/templates/rescues/_source.html.erb (4.2ms)
  Rendering /Users/tlau/.gem/ruby/2.2.5/gems/actionpack-5.0.0/lib/action_dispatch/middleware/templates/rescues/_trace.html.erb
  Rendered /Users/tlau/.gem/ruby/2.2.5/gems/actionpack-5.0.0/lib/action_dispatch/middleware/templates/rescues/_trace.html.erb (2.0ms)
  Rendering /Users/tlau/.gem/ruby/2.2.5/gems/actionpack-5.0.0/lib/action_dispatch/middleware/templates/rescues/_request_and_response.html.erb
  Rendered /Users/tlau/.gem/ruby/2.2.5/gems/actionpack-5.0.0/lib/action_dispatch/middleware/templates/rescues/_request_and_response.html.erb (10.5ms)
  Rendered /Users/tlau/.gem/ruby/2.2.5/gems/actionpack-5.0.0/lib/action_dispatch/middleware/templates/rescues/diagnostics.html.erb within rescues/layout (88.6ms)
Started GET "/" for 127.0.0.1 at 2016-07-08 23:47:50 -0400
Processing by NewsController#index as HTML
Completed 500 Internal Server Error in 1ms (ActiveRecord: 0.0ms)


  
NoMethodError (undefined method `trends' for Twitter:Module):
  
app/controllers/news_controller.rb:6:in `index'
  Rendering /Users/tlau/.gem/ruby/2.2.5/gems/actionpack-5.0.0/lib/action_dispatch/middleware/templates/rescues/diagnostics.html.erb within rescues/layout
  Rendering /Users/tlau/.gem/ruby/2.2.5/gems/actionpack-5.0.0/lib/action_dispatch/middleware/templates/rescues/_source.html.erb
  Rendered /Users/tlau/.gem/ruby/2.2.5/gems/actionpack-5.0.0/lib/action_dispatch/middleware/templates/rescues/_source.html.erb (4.2ms)
  Rendering /Users/tlau/.gem/ruby/2.2.5/gems/actionpack-5.0.0/lib/action_dispatch/middleware/templates/rescues/_trace.html.erb
  Rendered /Users/tlau/.gem/ruby/2.2.5/gems/actionpack-5.0.0/lib/action_dispatch/middleware/templates/rescues/_trace.html.erb (2.0ms)
  Rendering /Users/tlau/.gem/ruby/2.2.5/gems/actionpack-5.0.0/lib/action_dispatch/middleware/templates/rescues/_request_and_response.html.erb
  Rendered /Users/tlau/.gem/ruby/2.2.5/gems/actionpack-5.0.0/lib/action_dispatch/middleware/templates/rescues/_request_and_response.html.erb (8.6ms)
  Rendered /Users/tlau/.gem/ruby/2.2.5/gems/actionpack-5.0.0/lib/action_dispatch/middleware/templates/rescues/diagnostics.html.erb within rescues/layout (79.8ms)
Started GET "/" for 127.0.0.1 at 2016-07-08 23:53:52 -0400
Processing by NewsController#index as HTML
Completed 500 Internal Server Error in 1ms (ActiveRecord: 0.0ms)


  
NoMethodError (undefined method `trends' for Twitter:Module):
  
app/controllers/news_controller.rb:6:in `index'
  Rendering /Users/tlau/.gem/ruby/2.2.5/gems/actionpack-5.0.0/lib/action_dispatch/middleware/templates/rescues/diagnostics.html.erb within rescues/layout
  Rendering /Users/tlau/.gem/ruby/2.2.5/gems/actionpack-5.0.0/lib/action_dispatch/middleware/templates/rescues/_source.html.erb
  Rendered /Users/tlau/.gem/ruby/2.2.5/gems/actionpack-5.0.0/lib/action_dispatch/middleware/templates/rescues/_source.html.erb (4.0ms)
  Rendering /Users/tlau/.gem/ruby/2.2.5/gems/actionpack-5.0.0/lib/action_dispatch/middleware/templates/rescues/_trace.html.erb
  Rendered /Users/tlau/.gem/ruby/2.2.5/gems/actionpack-5.0.0/lib/action_dispatch/middleware/templates/rescues/_trace.html.erb (2.7ms)
  Rendering /Users/tlau/.gem/ruby/2.2.5/gems/actionpack-5.0.0/lib/action_dispatch/middleware/templates/rescues/_request_and_response.html.erb
  Rendered /Users/tlau/.gem/ruby/2.2.5/gems/actionpack-5.0.0/lib/action_dispatch/middleware/templates/rescues/_request_and_response.html.erb (7.9ms)
  Rendered /Users/tlau/.gem/ruby/2.2.5/gems/actionpack-5.0.0/lib/action_dispatch/middleware/templates/rescues/diagnostics.html.erb within rescues/layout (76.0ms)
Started GET "/" for 127.0.0.1 at 2016-07-08 23:57:44 -0400
Processing by NewsController#index as HTML
Completed 500 Internal Server Error in 1ms (ActiveRecord: 0.0ms)


  
NoMethodError (private method `test' called for Twitter:Module):
  
app/controllers/news_controller.rb:7:in `index'
  Rendering /Users/tlau/.gem/ruby/2.2.5/gems/actionpack-5.0.0/lib/action_dispatch/middleware/templates/rescues/diagnostics.html.erb within rescues/layout
  Rendering /Users/tlau/.gem/ruby/2.2.5/gems/actionpack-5.0.0/lib/action_dispatch/middleware/templates/rescues/_source.html.erb
  Rendered /Users/tlau/.gem/ruby/2.2.5/gems/actionpack-5.0.0/lib/action_dispatch/middleware/templates/rescues/_source.html.erb (4.3ms)
  Rendering /Users/tlau/.gem/ruby/2.2.5/gems/actionpack-5.0.0/lib/action_dispatch/middleware/templates/rescues/_trace.html.erb
  Rendered /Users/tlau/.gem/ruby/2.2.5/gems/actionpack-5.0.0/lib/action_dispatch/middleware/templates/rescues/_trace.html.erb (1.9ms)
  Rendering /Users/tlau/.gem/ruby/2.2.5/gems/actionpack-5.0.0/lib/action_dispatch/middleware/templates/rescues/_request_and_response.html.erb
  Rendered /Users/tlau/.gem/ruby/2.2.5/gems/actionpack-5.0.0/lib/action_dispatch/middleware/templates/rescues/_request_and_response.html.erb (8.0ms)
  Rendered /Users/tlau/.gem/ruby/2.2.5/gems/actionpack-5.0.0/lib/action_dispatch/middleware/templates/rescues/diagnostics.html.erb within rescues/layout (80.4ms)
Started GET "/" for 127.0.0.1 at 2016-07-08 23:58:53 -0400
Processing by NewsController#index as HTML
  Rendering news/index.html.erb within layouts/application
  Rendered news/index.html.erb within layouts/application (7.3ms)
Completed 200 OK in 233ms (Views: 230.6ms | ActiveRecord: 0.0ms)


Started GET "/" for 127.0.0.1 at 2016-07-08 23:59:35 -0400
Processing by NewsController#index as HTML
Completed 500 Internal Server Error in 143ms (ActiveRecord: 0.0ms)


  
Twitter::Error::Forbidden (Unable to verify your credentials):
  
app/models/twitter_model.rb:3:in `test'
app/controllers/news_controller.rb:7:in `index'
  Rendering /Users/tlau/.gem/ruby/2.2.5/gems/actionpack-5.0.0/lib/action_dispatch/middleware/templates/rescues/diagnostics.html.erb within rescues/layout
  Rendering /Users/tlau/.gem/ruby/2.2.5/gems/actionpack-5.0.0/lib/action_dispatch/middleware/templates/rescues/_source.html.erb
  Rendered /Users/tlau/.gem/ruby/2.2.5/gems/actionpack-5.0.0/lib/action_dispatch/middleware/templates/rescues/_source.html.erb (31.9ms)
  Rendering /Users/tlau/.gem/ruby/2.2.5/gems/actionpack-5.0.0/lib/action_dispatch/middleware/templates/rescues/_trace.html.erb
  Rendered /Users/tlau/.gem/ruby/2.2.5/gems/actionpack-5.0.0/lib/action_dispatch/middleware/templates/rescues/_trace.html.erb (2.9ms)
  Rendering /Users/tlau/.gem/ruby/2.2.5/gems/actionpack-5.0.0/lib/action_dispatch/middleware/templates/rescues/_request_and_response.html.erb
  Rendered /Users/tlau/.gem/ruby/2.2.5/gems/actionpack-5.0.0/lib/action_dispatch/middleware/templates/rescues/_request_and_response.html.erb (1.1ms)
  Rendered /Users/tlau/.gem/ruby/2.2.5/gems/actionpack-5.0.0/lib/action_dispatch/middleware/templates/rescues/diagnostics.html.erb within rescues/layout (104.7ms)
Started GET "/" for 127.0.0.1 at 2016-07-09 00:01:03 -0400
Processing by NewsController#index as HTML
Completed 500 Internal Server Error in 139ms (ActiveRecord: 0.0ms)


  
Twitter::Error::Forbidden (Unable to verify your credentials):
  
app/models/twitter_model.rb:3:in `test'
app/controllers/news_controller.rb:7:in `index'
  Rendering /Users/tlau/.gem/ruby/2.2.5/gems/actionpack-5.0.0/lib/action_dispatch/middleware/templates/rescues/diagnostics.html.erb within rescues/layout
  Rendering /Users/tlau/.gem/ruby/2.2.5/gems/actionpack-5.0.0/lib/action_dispatch/middleware/templates/rescues/_source.html.erb
  Rendered /Users/tlau/.gem/ruby/2.2.5/gems/actionpack-5.0.0/lib/action_dispatch/middleware/templates/rescues/_source.html.erb (7.3ms)
  Rendering /Users/tlau/.gem/ruby/2.2.5/gems/actionpack-5.0.0/lib/action_dispatch/middleware/templates/rescues/_trace.html.erb
  Rendered /Users/tlau/.gem/ruby/2.2.5/gems/actionpack-5.0.0/lib/action_dispatch/middleware/templates/rescues/_trace.html.erb (4.2ms)
  Rendering /Users/tlau/.gem/ruby/2.2.5/gems/actionpack-5.0.0/lib/action_dispatch/middleware/templates/rescues/_request_and_response.html.erb
  Rendered /Users/tlau/.gem/ruby/2.2.5/gems/actionpack-5.0.0/lib/action_dispatch/middleware/templates/rescues/_request_and_response.html.erb (1.4ms)
  Rendered /Users/tlau/.gem/ruby/2.2.5/gems/actionpack-5.0.0/lib/action_dispatch/middleware/templates/rescues/diagnostics.html.erb within rescues/layout (78.4ms)
Started GET "/" for 127.0.0.1 at 2016-07-09 00:01:19 -0400
Processing by NewsController#index as HTML
  Rendering news/index.html.erb within layouts/application
  Rendered news/index.html.erb within layouts/application (15.8ms)
Completed 200 OK in 414ms (Views: 268.3ms | ActiveRecord: 0.0ms)


Started GET "/" for 127.0.0.1 at 2016-07-09 00:10:52 -0400
Processing by NewsController#index as HTML
  Rendering news/index.html.erb within layouts/application
  Rendered news/index.html.erb within layouts/application (0.9ms)
Completed 500 Internal Server Error in 171ms (ActiveRecord: 0.0ms)


  
SyntaxError (/Users/tlau/hackathon/sentiment_analysis/app/views/news/index.html.erb:9: syntax error, unexpected keyword_end
  '.freeze;@output_buffer.append=( end );@output_buffer.safe_append='
                                      ^
/Users/tlau/hackathon/sentiment_analysis/app/views/news/index.html.erb:12: syntax error, unexpected keyword_ensure, expecting ')'
/Users/tlau/hackathon/sentiment_analysis/app/views/news/index.html.erb:14: syntax error, unexpected keyword_end, expecting ')'):
  
app/views/news/index.html.erb:9: syntax error, unexpected keyword_end
app/views/news/index.html.erb:12: syntax error, unexpected keyword_ensure, expecting ')'
app/views/news/index.html.erb:14: syntax error, unexpected keyword_end, expecting ')'
  Rendering /Users/tlau/.gem/ruby/2.2.5/gems/actionpack-5.0.0/lib/action_dispatch/middleware/templates/rescues/diagnostics.html.erb within rescues/layout
  Rendering /Users/tlau/.gem/ruby/2.2.5/gems/actionpack-5.0.0/lib/action_dispatch/middleware/templates/rescues/_source.html.erb
  Rendered /Users/tlau/.gem/ruby/2.2.5/gems/actionpack-5.0.0/lib/action_dispatch/middleware/templates/rescues/_source.html.erb (9.2ms)
  Rendering /Users/tlau/.gem/ruby/2.2.5/gems/actionpack-5.0.0/lib/action_dispatch/middleware/templates/rescues/_trace.html.erb
  Rendered /Users/tlau/.gem/ruby/2.2.5/gems/actionpack-5.0.0/lib/action_dispatch/middleware/templates/rescues/_trace.html.erb (5.6ms)
  Rendering /Users/tlau/.gem/ruby/2.2.5/gems/actionpack-5.0.0/lib/action_dispatch/middleware/templates/rescues/_request_and_response.html.erb
  Rendered /Users/tlau/.gem/ruby/2.2.5/gems/actionpack-5.0.0/lib/action_dispatch/middleware/templates/rescues/_request_and_response.html.erb (8.8ms)
  Rendered /Users/tlau/.gem/ruby/2.2.5/gems/actionpack-5.0.0/lib/action_dispatch/middleware/templates/rescues/diagnostics.html.erb within rescues/layout (89.8ms)
Started GET "/" for 127.0.0.1 at 2016-07-09 00:15:01 -0400
Processing by NewsController#index as HTML
  Rendering news/index.html.erb within layouts/application
  Rendered news/index.html.erb within layouts/application (46.5ms)
Completed 200 OK in 410ms (Views: 251.3ms | ActiveRecord: 0.0ms)


